<?xml version="1.0" encoding="UTF-8"?>
<!-- Generated by org.testng.reporters.JUnitReportReporter -->
<testsuite hostname="TYP1517" failures="0" tests="2" name="com.crm.practice.AssertPractice" time="0.015" errors="0" timestamp="2022-04-07T12:16:54 IST" skipped="0">
  <testcase classname="com.crm.practice.AssertPractice" name="practice1" time="0.014"/>
  <system-out/>
  <testcase classname="com.crm.practice.AssertPractice" name="practice2" time="0.001"/>
  <system-out/>
</testsuite> <!-- com.crm.practice.AssertPractice -->
