<?xml version="1.0" encoding="UTF-8"?>
<!-- Generated by org.testng.reporters.JUnitReportReporter -->
<testsuite hostname="TYP1517" failures="0" tests="1" name="com.crm.contacts.forpackageTest" time="0.013" errors="0" timestamp="2022-04-12T17:08:45 IST" skipped="0">
  <testcase classname="com.crm.contacts.forpackageTest" name="pack" time="0.013"/>
  <system-out/>
</testsuite> <!-- com.crm.contacts.forpackageTest -->
