<?xml version="1.0" encoding="UTF-8"?>
<!-- Generated by org.testng.reporters.JUnitReportReporter -->
<testsuite hostname="TYP1517" failures="0" tests="1" name="com.crm.practice.TestNGPracticeTest3" time="0.015" errors="0" timestamp="2022-04-07T12:44:28 IST" skipped="0">
  <testcase classname="com.crm.practice.TestNGPracticeTest3" name="test1" time="0.015"/>
  <system-out>
    <![CDATA[TestNGPracticeTest3-test1]]>
  </system-out>
</testsuite> <!-- com.crm.practice.TestNGPracticeTest3 -->
