<?xml version="1.0" encoding="UTF-8"?>
<!-- Generated by org.testng.reporters.JUnitReportReporter -->
<testsuite hostname="TYP1517" failures="0" tests="3" name="com.crm.practice.TestNGPractice" time="0.007" errors="0" timestamp="2022-04-05T12:27:38 IST" skipped="0">
  <testcase classname="com.crm.practice.TestNGPractice" name="test1" time="0.005"/>
  <system-out>
    <![CDATA[Hi]]>
  </system-out>
  <testcase classname="com.crm.practice.TestNGPractice" name="test2" time="0.001"/>
  <system-out>
    <![CDATA[Hi2]]>
  </system-out>
  <testcase classname="com.crm.practice.TestNGPractice" name="test3" time="0.001"/>
  <system-out>
    <![CDATA[Hi3]]>
  </system-out>
</testsuite> <!-- com.crm.practice.TestNGPractice -->
