<?xml version="1.0" encoding="UTF-8"?>
<!-- Generated by org.testng.reporters.JUnitReportReporter -->
<testsuite hostname="TYP1517" failures="0" tests="20" name="com.crm.practice.TestNGPracticeTest" time="0.037" errors="0" timestamp="2022-04-06T15:24:36 IST" skipped="0">
  <testcase classname="com.crm.practice.TestNGPracticeTest" name="dataProviderTest" time="0.002"/>
  <system-out/>
  <testcase classname="com.crm.practice.TestNGPracticeTest" name="dataProviderTest" time="0.001"/>
  <system-out/>
  <testcase classname="com.crm.practice.TestNGPracticeTest" name="dataProviderTest" time="0.002"/>
  <system-out/>
  <testcase classname="com.crm.practice.TestNGPracticeTest" name="dataProviderTest" time="0.002"/>
  <system-out/>
  <testcase classname="com.crm.practice.TestNGPracticeTest" name="dataProviderTest" time="0.001"/>
  <system-out/>
  <testcase classname="com.crm.practice.TestNGPracticeTest" name="dataProviderTest" time="0.002"/>
  <system-out/>
  <testcase classname="com.crm.practice.TestNGPracticeTest" name="dataProviderTest" time="0.001"/>
  <system-out/>
  <testcase classname="com.crm.practice.TestNGPracticeTest" name="dataProviderTest" time="0.002"/>
  <system-out/>
  <testcase classname="com.crm.practice.TestNGPracticeTest" name="dataProviderTest" time="0.002"/>
  <system-out/>
  <testcase classname="com.crm.practice.TestNGPracticeTest" name="dataProviderTest" time="0.003"/>
  <system-out/>
  <testcase classname="com.crm.practice.TestNGPracticeTest" name="dataProviderTest" time="0.001"/>
  <system-out/>
  <testcase classname="com.crm.practice.TestNGPracticeTest" name="dataProviderTest" time="0.003"/>
  <system-out/>
  <testcase classname="com.crm.practice.TestNGPracticeTest" name="dataProviderTest" time="0.002"/>
  <system-out/>
  <testcase classname="com.crm.practice.TestNGPracticeTest" name="dataProviderTest" time="0.001"/>
  <system-out/>
  <testcase classname="com.crm.practice.TestNGPracticeTest" name="dataProviderTest" time="0.002"/>
  <system-out/>
  <testcase classname="com.crm.practice.TestNGPracticeTest" name="dataProviderTest" time="0.002"/>
  <system-out/>
  <testcase classname="com.crm.practice.TestNGPracticeTest" name="dataProviderTest" time="0.001"/>
  <system-out/>
  <testcase classname="com.crm.practice.TestNGPracticeTest" name="dataProviderTest" time="0.002"/>
  <system-out/>
  <testcase classname="com.crm.practice.TestNGPracticeTest" name="dataProviderTest" time="0.003"/>
  <system-out/>
  <testcase classname="com.crm.practice.TestNGPracticeTest" name="dataProviderTest" time="0.002"/>
  <system-out/>
</testsuite> <!-- com.crm.practice.TestNGPracticeTest -->
